<!DOCTYPE html>
<!--
 | Generated by Apache Maven Doxia Site Renderer 1.11.1 at 2024-10-25

 | Rendered using Apache Maven Default Skin
-->
<html xmlns="http://www.w3.org/1999/xhtml" xml:lang="en" lang="en">
  <head>
    <meta charset="UTF-8" />
    <meta name="viewport" content="width=device-width, initial-scale=1.0" />
    <meta name="generator" content="Apache Maven Doxia Site Renderer 1.11.1" />
    <title>products &#x2013; Surefire Report</title>
    <link rel="stylesheet" href="./css/maven-base.css" />
    <link rel="stylesheet" href="./css/maven-theme.css" />
    <link rel="stylesheet" href="./css/site.css" />
    <link rel="stylesheet" href="./css/print.css" media="print" />
  </head>
  <body class="composite">
    <div id="banner">
      <div class="clear">
        <hr/>
      </div>
    </div>
    <div id="breadcrumbs">
      <div class="xleft">
        <span id="publishDate">Last Published: 2024-10-25</span>
           | <span id="projectVersion">Version: 0.0.1-SNAPSHOT</span>
      </div>
      <div class="xright">      </div>
      <div class="clear">
        <hr/>
      </div>
    </div>
    <div id="leftColumn">
      <div id="navcolumn">
      <a href="http://maven.apache.org/" title="Built by Maven" class="poweredBy">
        <img class="poweredBy" alt="Built by Maven" src="./images/logos/maven-feather.png" />
      </a>
      </div>
    </div>
    <div id="bodyColumn">
      <div id="contentBox">
<script type="text/javascript">
function toggleDisplay(elementId) {
 var elm = document.getElementById(elementId + '-error');
 if (elm == null) {
  elm = document.getElementById(elementId + '-failure');
 }
 if (elm && typeof elm.style != "undefined") {
  if (elm.style.display == "none") {
   elm.style.display = "";
   document.getElementById(elementId + '-off').style.display = "none";
   document.getElementById(elementId + '-on').style.display = "inline";
  } else if (elm.style.display == "") {   elm.style.display = "none";
   document.getElementById(elementId + '-off').style.display = "inline";
   document.getElementById(elementId + '-on').style.display = "none";
  }
 }
 }</script><section>
<h2><a name="Surefire_Report"></a>Surefire Report</h2></section><section><a id="Summary"></a>
<h2><a name="Summary"></a>Summary</h2>
<p>[<a href="#Summary">Summary</a>] [<a href="#Package_List">Package List</a>] [<a href="#Test_Cases">Test Cases</a>]</p><br />
<table border="0" class="bodyTable">
<tr class="a">
<th>Tests</th>
<th>Errors</th>
<th>Failures</th>
<th>Skipped</th>
<th>Success Rate</th>
<th>Time</th></tr>
<tr class="b">
<td align="left">27</td>
<td>1</td>
<td>2</td>
<td>0</td>
<td>88.9%</td>
<td>13.80 s</td></tr></table><br />
<p>Note: failures are anticipated and checked for with assertions while errors are unanticipated.</p><br /></section><section><a id="Package_List"></a>
<h2><a name="Package_List"></a>Package List</h2>
<p>[<a href="#Summary">Summary</a>] [<a href="#Package_List">Package List</a>] [<a href="#Test_Cases">Test Cases</a>]</p><br />
<table border="0" class="bodyTable">
<tr class="a">
<th>Package</th>
<th>Tests</th>
<th>Errors</th>
<th>Failures</th>
<th>Skipped</th>
<th>Success Rate</th>
<th>Time</th></tr>
<tr class="b">
<td align="left"><a href="#com.bootexample4.products.model">com.bootexample4.products.model</a></td>
<td>12</td>
<td>0</td>
<td>0</td>
<td>0</td>
<td>100%</td>
<td>0.048 s</td></tr>
<tr class="a">
<td align="left"><a href="#com.bootexample4.products.controller">com.bootexample4.products.controller</a></td>
<td>15</td>
<td>1</td>
<td>2</td>
<td>0</td>
<td>80.0%</td>
<td>13.75 s</td></tr></table><br />
<p>Note: package statistics are not computed recursively, they only sum up all of its testsuites numbers.</p><section><a id="com.bootexample4.products.model"></a>
<h3><a name="com.bootexample4.products.model"></a>com.bootexample4.products.model</h3>
<table border="0" class="bodyTable">
<tr class="a">
<th>-</th>
<th>Class</th>
<th>Tests</th>
<th>Errors</th>
<th>Failures</th>
<th>Skipped</th>
<th>Success Rate</th>
<th>Time</th></tr>
<tr class="b">
<td align="left"><a href="#com.bootexample4.products.model.ProductGetNameTest"><img src="images/icon_success_sml.gif" alt="" /></a></td>
<td><a href="#com.bootexample4.products.model.ProductGetNameTest">ProductGetNameTest</a></td>
<td>3</td>
<td>0</td>
<td>0</td>
<td>0</td>
<td>100%</td>
<td>0.008 s</td></tr>
<tr class="a">
<td align="left"><a href="#com.bootexample4.products.model.ProductGetDescriptionTest"><img src="images/icon_success_sml.gif" alt="" /></a></td>
<td><a href="#com.bootexample4.products.model.ProductGetDescriptionTest">ProductGetDescriptionTest</a></td>
<td>3</td>
<td>0</td>
<td>0</td>
<td>0</td>
<td>100%</td>
<td>0.011 s</td></tr>
<tr class="b">
<td align="left"><a href="#com.bootexample4.products.model.ProductGetPriceTest"><img src="images/icon_success_sml.gif" alt="" /></a></td>
<td><a href="#com.bootexample4.products.model.ProductGetPriceTest">ProductGetPriceTest</a></td>
<td>3</td>
<td>0</td>
<td>0</td>
<td>0</td>
<td>100%</td>
<td>0.007 s</td></tr>
<tr class="a">
<td align="left"><a href="#com.bootexample4.products.model.ProductGetIdTest"><img src="images/icon_success_sml.gif" alt="" /></a></td>
<td><a href="#com.bootexample4.products.model.ProductGetIdTest">ProductGetIdTest</a></td>
<td>3</td>
<td>0</td>
<td>0</td>
<td>0</td>
<td>100%</td>
<td>0.022 s</td></tr></table></section><section><a id="com.bootexample4.products.controller"></a>
<h3><a name="com.bootexample4.products.controller"></a>com.bootexample4.products.controller</h3>
<table border="0" class="bodyTable">
<tr class="a">
<th>-</th>
<th>Class</th>
<th>Tests</th>
<th>Errors</th>
<th>Failures</th>
<th>Skipped</th>
<th>Success Rate</th>
<th>Time</th></tr>
<tr class="b">
<td align="left"><a href="#com.bootexample4.products.controller.ProductControllerGetProductByIdTest"><img src="images/icon_warning_sml.gif" alt="" /></a></td>
<td><a href="#com.bootexample4.products.controller.ProductControllerGetProductByIdTest">ProductControllerGetProductByIdTest</a></td>
<td>3</td>
<td>0</td>
<td>1</td>
<td>0</td>
<td>66.7%</td>
<td>1.039 s</td></tr>
<tr class="a">
<td align="left"><a href="#com.bootexample4.products.controller.ProductControllerGetAllProductsTest"><img src="images/icon_success_sml.gif" alt="" /></a></td>
<td><a href="#com.bootexample4.products.controller.ProductControllerGetAllProductsTest">ProductControllerGetAllProductsTest</a></td>
<td>3</td>
<td>0</td>
<td>0</td>
<td>0</td>
<td>100%</td>
<td>0.028 s</td></tr>
<tr class="b">
<td align="left"><a href="#com.bootexample4.products.controller.ProductControllerCreateProductTest"><img src="images/icon_success_sml.gif" alt="" /></a></td>
<td><a href="#com.bootexample4.products.controller.ProductControllerCreateProductTest">ProductControllerCreateProductTest</a></td>
<td>2</td>
<td>0</td>
<td>0</td>
<td>0</td>
<td>100%</td>
<td>0.030 s</td></tr>
<tr class="a">
<td align="left"><a href="#com.bootexample4.products.controller.ProductControllerUpdateProductTest"><img src="images/icon_error_sml.gif" alt="" /></a></td>
<td><a href="#com.bootexample4.products.controller.ProductControllerUpdateProductTest">ProductControllerUpdateProductTest</a></td>
<td>4</td>
<td>1</td>
<td>0</td>
<td>0</td>
<td>75.0%</td>
<td>0.087 s</td></tr>
<tr class="b">
<td align="left"><a href="#com.bootexample4.products.controller.ProductControllerDeleteProductTest"><img src="images/icon_warning_sml.gif" alt="" /></a></td>
<td><a href="#com.bootexample4.products.controller.ProductControllerDeleteProductTest">ProductControllerDeleteProductTest</a></td>
<td>3</td>
<td>0</td>
<td>1</td>
<td>0</td>
<td>66.7%</td>
<td>12.57 s</td></tr></table></section><br /></section><section><a id="Test_Cases"></a>
<h2><a name="Test_Cases"></a>Test Cases</h2>
<p>[<a href="#Summary">Summary</a>] [<a href="#Package_List">Package List</a>] [<a href="#Test_Cases">Test Cases</a>]</p><section><a id="com.bootexample4.products.model.ProductGetNameTest"></a>
<h3><a name="ProductGetNameTest"></a>ProductGetNameTest</h3>
<table border="0" class="bodyTable">
<tr class="a">
<td align="left"><img src="images/icon_success_sml.gif" alt="" /></td>
<td><a id="TC_com.bootexample4.products.model.ProductGetNameTest.validateGetNameReturnsCorrectValue"></a>validateGetNameReturnsCorrectValue</td>
<td>0.001 s</td></tr>
<tr class="b">
<td align="left"><img src="images/icon_success_sml.gif" alt="" /></td>
<td><a id="TC_com.bootexample4.products.model.ProductGetNameTest.validateGetNameReturnsUpdatedName"></a>validateGetNameReturnsUpdatedName</td>
<td>0.002 s</td></tr>
<tr class="a">
<td align="left"><img src="images/icon_success_sml.gif" alt="" /></td>
<td><a id="TC_com.bootexample4.products.model.ProductGetNameTest.validateGetNameReturnsNullForNoNameSet"></a>validateGetNameReturnsNullForNoNameSet</td>
<td>0.001 s</td></tr></table></section><section><a id="com.bootexample4.products.model.ProductGetDescriptionTest"></a>
<h3><a name="ProductGetDescriptionTest"></a>ProductGetDescriptionTest</h3>
<table border="0" class="bodyTable">
<tr class="a">
<td align="left"><img src="images/icon_success_sml.gif" alt="" /></td>
<td><a id="TC_com.bootexample4.products.model.ProductGetDescriptionTest.testGetDescriptionReturnsEmptyWhenSetToEmpty"></a>testGetDescriptionReturnsEmptyWhenSetToEmpty</td>
<td>0.001 s</td></tr>
<tr class="b">
<td align="left"><img src="images/icon_success_sml.gif" alt="" /></td>
<td><a id="TC_com.bootexample4.products.model.ProductGetDescriptionTest.testGetDescriptionReturnsCorrectDescription"></a>testGetDescriptionReturnsCorrectDescription</td>
<td>0.001 s</td></tr>
<tr class="a">
<td align="left"><img src="images/icon_success_sml.gif" alt="" /></td>
<td><a id="TC_com.bootexample4.products.model.ProductGetDescriptionTest.testGetDescriptionReturnsNullWhenNotSet"></a>testGetDescriptionReturnsNullWhenNotSet</td>
<td>0.002 s</td></tr></table></section><section><a id="com.bootexample4.products.model.ProductGetPriceTest"></a>
<h3><a name="ProductGetPriceTest"></a>ProductGetPriceTest</h3>
<table border="0" class="bodyTable">
<tr class="a">
<td align="left"><img src="images/icon_success_sml.gif" alt="" /></td>
<td><a id="TC_com.bootexample4.products.model.ProductGetPriceTest.testGetPriceReturnsCorrectPrice"></a>testGetPriceReturnsCorrectPrice</td>
<td>0.001 s</td></tr>
<tr class="b">
<td align="left"><img src="images/icon_success_sml.gif" alt="" /></td>
<td><a id="TC_com.bootexample4.products.model.ProductGetPriceTest.testGetPriceReturnsDefaultWhenNotSet"></a>testGetPriceReturnsDefaultWhenNotSet</td>
<td>0.001 s</td></tr>
<tr class="a">
<td align="left"><img src="images/icon_success_sml.gif" alt="" /></td>
<td><a id="TC_com.bootexample4.products.model.ProductGetPriceTest.testGetPriceReturnsUpdatedPriceAfterChange"></a>testGetPriceReturnsUpdatedPriceAfterChange</td>
<td>0.001 s</td></tr></table></section><section><a id="com.bootexample4.products.controller.ProductControllerGetProductByIdTest"></a>
<h3><a name="ProductControllerGetProductByIdTest"></a>ProductControllerGetProductByIdTest</h3>
<table border="0" class="bodyTable">
<tr class="a">
<td align="left"><img src="images/icon_success_sml.gif" alt="" /></td>
<td><a id="TC_com.bootexample4.products.controller.ProductControllerGetProductByIdTest.shouldReturnProductWhenIdIsValid"></a>shouldReturnProductWhenIdIsValid</td>
<td>0.017 s</td></tr>
<tr class="b">
<td align="left"><a href="#com.bootexample4.products.controller.ProductControllerGetProductByIdTest.shouldThrowExceptionWhenIdIsNull"><img src="images/icon_error_sml.gif" alt="" /></a></td>
<td><a id="TC_com.bootexample4.products.controller.ProductControllerGetProductByIdTest.shouldThrowExceptionWhenIdIsNull"></a><a href="#com.bootexample4.products.controller.ProductControllerGetProductByIdTest.shouldThrowExceptionWhenIdIsNull">shouldThrowExceptionWhenIdIsNull</a>
<div class="detailToggle" style="display:inline"><a href="javascript:toggleDisplay('com.bootexample4.products.controller.ProductControllerGetProductByIdTest.shouldThrowExceptionWhenIdIsNull');"><span style="display:inline;" id="com.bootexample4.products.controller.ProductControllerGetProductByIdTest.shouldThrowExceptionWhenIdIsNull-off"> + </span><span style="display:none;" id="com.bootexample4.products.controller.ProductControllerGetProductByIdTest.shouldThrowExceptionWhenIdIsNull-on"> - </span>[ Detail ]</a></div></td>
<td>0.010 s</td></tr>
<tr class="a">
<td align="left">-</td>
<td>Expected java.lang.IllegalArgumentException to be thrown, but nothing was thrown.</td>
<td>-</td></tr>
<tr class="b" id="com.bootexample4.products.controller.ProductControllerGetProductByIdTest.shouldThrowExceptionWhenIdIsNull-failure" style="display:none;">
<td align="left">-</td>
<td>
<div class="source">
<pre>org.opentest4j.AssertionFailedError: Expected java.lang.IllegalArgumentException to be thrown, but nothing was thrown.
	at org.junit.jupiter.api.AssertionFailureBuilder.build(AssertionFailureBuilder.java:152)
	at org.junit.jupiter.api.AssertThrows.assertThrows(AssertThrows.java:73)
	at org.junit.jupiter.api.AssertThrows.assertThrows(AssertThrows.java:35)
	at org.junit.jupiter.api.Assertions.assertThrows(Assertions.java:3083)
	at com.bootexample4.products.controller.ProductControllerGetProductByIdTest.shouldThrowExceptionWhenIdIsNull(ProductControllerGetProductByIdTest.java:96)
	at java.base/jdk.internal.reflect.NativeMethodAccessorImpl.invoke0(Native Method)
	at java.base/jdk.internal.reflect.NativeMethodAccessorImpl.invoke(NativeMethodAccessorImpl.java:77)
	at java.base/jdk.internal.reflect.DelegatingMethodAccessorImpl.invoke(DelegatingMethodAccessorImpl.java:43)
	at java.base/java.lang.reflect.Method.invoke(Method.java:569)
	at org.junit.platform.commons.util.ReflectionUtils.invokeMethod(ReflectionUtils.java:727)
	at org.junit.jupiter.engine.execution.MethodInvocation.proceed(MethodInvocation.java:60)
	at org.junit.jupiter.engine.execution.InvocationInterceptorChain$ValidatingInvocation.proceed(InvocationInterceptorChain.java:131)
	at org.junit.jupiter.engine.extension.TimeoutExtension.intercept(TimeoutExtension.java:156)
	at org.junit.jupiter.engine.extension.TimeoutExtension.interceptTestableMethod(TimeoutExtension.java:147)
	at org.junit.jupiter.engine.extension.TimeoutExtension.interceptTestMethod(TimeoutExtension.java:86)
	at org.junit.jupiter.engine.execution.InterceptingExecutableInvoker$ReflectiveInterceptorCall.lambda$ofVoidMethod$0(InterceptingExecutableInvoker.java:103)
	at org.junit.jupiter.engine.execution.InterceptingExecutableInvoker.lambda$invoke$0(InterceptingExecutableInvoker.java:93)
	at org.junit.jupiter.engine.execution.InvocationInterceptorChain$InterceptedInvocation.proceed(InvocationInterceptorChain.java:106)
	at org.junit.jupiter.engine.execution.InvocationInterceptorChain.proceed(InvocationInterceptorChain.java:64)
	at org.junit.jupiter.engine.execution.InvocationInterceptorChain.chainAndInvoke(InvocationInterceptorChain.java:45)
	at org.junit.jupiter.engine.execution.InvocationInterceptorChain.invoke(InvocationInterceptorChain.java:37)
	at org.junit.jupiter.engine.execution.InterceptingExecutableInvoker.invoke(InterceptingExecutableInvoker.java:92)
	at org.junit.jupiter.engine.execution.InterceptingExecutableInvoker.invoke(InterceptingExecutableInvoker.java:86)
	at org.junit.jupiter.engine.descriptor.TestMethodTestDescriptor.lambda$invokeTestMethod$7(TestMethodTestDescriptor.java:217)
	at org.junit.platform.engine.support.hierarchical.ThrowableCollector.execute(ThrowableCollector.java:73)
	at org.junit.jupiter.engine.descriptor.TestMethodTestDescriptor.invokeTestMethod(TestMethodTestDescriptor.java:213)
	at org.junit.jupiter.engine.descriptor.TestMethodTestDescriptor.execute(TestMethodTestDescriptor.java:138)
	at org.junit.jupiter.engine.descriptor.TestMethodTestDescriptor.execute(TestMethodTestDescriptor.java:68)
	at org.junit.platform.engine.support.hierarchical.NodeTestTask.lambda$executeRecursively$6(NodeTestTask.java:151)
	at org.junit.platform.engine.support.hierarchical.ThrowableCollector.execute(ThrowableCollector.java:73)
	at org.junit.platform.engine.support.hierarchical.NodeTestTask.lambda$executeRecursively$8(NodeTestTask.java:141)
	at org.junit.platform.engine.support.hierarchical.Node.around(Node.java:137)
	at org.junit.platform.engine.support.hierarchical.NodeTestTask.lambda$executeRecursively$9(NodeTestTask.java:139)
	at org.junit.platform.engine.support.hierarchical.ThrowableCollector.execute(ThrowableCollector.java:73)
	at org.junit.platform.engine.support.hierarchical.NodeTestTask.executeRecursively(NodeTestTask.java:138)
	at org.junit.platform.engine.support.hierarchical.NodeTestTask.execute(NodeTestTask.java:95)
	at java.base/java.util.ArrayList.forEach(ArrayList.java:1511)
	at org.junit.platform.engine.support.hierarchical.SameThreadHierarchicalTestExecutorService.invokeAll(SameThreadHierarchicalTestExecutorService.java:41)
	at org.junit.platform.engine.support.hierarchical.NodeTestTask.lambda$executeRecursively$6(NodeTestTask.java:155)
	at org.junit.platform.engine.support.hierarchical.ThrowableCollector.execute(ThrowableCollector.java:73)
	at org.junit.platform.engine.support.hierarchical.NodeTestTask.lambda$executeRecursively$8(NodeTestTask.java:141)
	at org.junit.platform.engine.support.hierarchical.Node.around(Node.java:137)
	at org.junit.platform.engine.support.hierarchical.NodeTestTask.lambda$executeRecursively$9(NodeTestTask.java:139)
	at org.junit.platform.engine.support.hierarchical.ThrowableCollector.execute(ThrowableCollector.java:73)
	at org.junit.platform.engine.support.hierarchical.NodeTestTask.executeRecursively(NodeTestTask.java:138)
	at org.junit.platform.engine.support.hierarchical.NodeTestTask.execute(NodeTestTask.java:95)
	at java.base/java.util.ArrayList.forEach(ArrayList.java:1511)
	at org.junit.platform.engine.support.hierarchical.SameThreadHierarchicalTestExecutorService.invokeAll(SameThreadHierarchicalTestExecutorService.java:41)
	at org.junit.platform.engine.support.hierarchical.NodeTestTask.lambda$executeRecursively$6(NodeTestTask.java:155)
	at org.junit.platform.engine.support.hierarchical.ThrowableCollector.execute(ThrowableCollector.java:73)
	at org.junit.platform.engine.support.hierarchical.NodeTestTask.lambda$executeRecursively$8(NodeTestTask.java:141)
	at org.junit.platform.engine.support.hierarchical.Node.around(Node.java:137)
	at org.junit.platform.engine.support.hierarchical.NodeTestTask.lambda$executeRecursively$9(NodeTestTask.java:139)
	at org.junit.platform.engine.support.hierarchical.ThrowableCollector.execute(ThrowableCollector.java:73)
	at org.junit.platform.engine.support.hierarchical.NodeTestTask.executeRecursively(NodeTestTask.java:138)
	at org.junit.platform.engine.support.hierarchical.NodeTestTask.execute(NodeTestTask.java:95)
	at org.junit.platform.engine.support.hierarchical.SameThreadHierarchicalTestExecutorService.submit(SameThreadHierarchicalTestExecutorService.java:35)
	at org.junit.platform.engine.support.hierarchical.HierarchicalTestExecutor.execute(HierarchicalTestExecutor.java:57)
	at org.junit.platform.engine.support.hierarchical.HierarchicalTestEngine.execute(HierarchicalTestEngine.java:54)
	at org.junit.platform.launcher.core.EngineExecutionOrchestrator.execute(EngineExecutionOrchestrator.java:147)
	at org.junit.platform.launcher.core.EngineExecutionOrchestrator.execute(EngineExecutionOrchestrator.java:127)
	at org.junit.platform.launcher.core.EngineExecutionOrchestrator.execute(EngineExecutionOrchestrator.java:90)
	at org.junit.platform.launcher.core.EngineExecutionOrchestrator.lambda$execute$0(EngineExecutionOrchestrator.java:55)
	at org.junit.platform.launcher.core.EngineExecutionOrchestrator.withInterceptedStreams(EngineExecutionOrchestrator.java:102)
	at org.junit.platform.launcher.core.EngineExecutionOrchestrator.execute(EngineExecutionOrchestrator.java:54)
	at org.junit.platform.launcher.core.DefaultLauncher.execute(DefaultLauncher.java:114)
	at org.junit.platform.launcher.core.DefaultLauncher.execute(DefaultLauncher.java:86)
	at org.junit.platform.launcher.core.DefaultLauncherSession$DelegatingLauncher.execute(DefaultLauncherSession.java:86)
	at org.apache.maven.surefire.junitplatform.LazyLauncher.execute(LazyLauncher.java:56)
	at org.apache.maven.surefire.junitplatform.JUnitPlatformProvider.execute(JUnitPlatformProvider.java:184)
	at org.apache.maven.surefire.junitplatform.JUnitPlatformProvider.invokeAllTests(JUnitPlatformProvider.java:148)
	at org.apache.maven.surefire.junitplatform.JUnitPlatformProvider.invoke(JUnitPlatformProvider.java:122)
	at org.apache.maven.surefire.booter.ForkedBooter.runSuitesInProcess(ForkedBooter.java:385)
	at org.apache.maven.surefire.booter.ForkedBooter.execute(ForkedBooter.java:162)
	at org.apache.maven.surefire.booter.ForkedBooter.run(ForkedBooter.java:507)
	at org.apache.maven.surefire.booter.ForkedBooter.main(ForkedBooter.java:495)
</pre></div></td>
<td>-</td></tr>
<tr class="a">
<td align="left"><img src="images/icon_success_sml.gif" alt="" /></td>
<td><a id="TC_com.bootexample4.products.controller.ProductControllerGetProductByIdTest.shouldReturnNotFoundWhenIdIsInvalid"></a>shouldReturnNotFoundWhenIdIsInvalid</td>
<td>0.010 s</td></tr></table></section><section><a id="com.bootexample4.products.controller.ProductControllerGetAllProductsTest"></a>
<h3><a name="ProductControllerGetAllProductsTest"></a>ProductControllerGetAllProductsTest</h3>
<table border="0" class="bodyTable">
<tr class="a">
<td align="left"><img src="images/icon_success_sml.gif" alt="" /></td>
<td><a id="TC_com.bootexample4.products.controller.ProductControllerGetAllProductsTest.testGetAllProductsWhenProductListIsEmpty"></a>testGetAllProductsWhenProductListIsEmpty</td>
<td>0.019 s</td></tr>
<tr class="b">
<td align="left"><img src="images/icon_success_sml.gif" alt="" /></td>
<td><a id="TC_com.bootexample4.products.controller.ProductControllerGetAllProductsTest.testGetAllProductsWhenProductRepositoryIsNull"></a>testGetAllProductsWhenProductRepositoryIsNull</td>
<td>0.002 s</td></tr>
<tr class="a">
<td align="left"><img src="images/icon_success_sml.gif" alt="" /></td>
<td><a id="TC_com.bootexample4.products.controller.ProductControllerGetAllProductsTest.testGetAllProducts"></a>testGetAllProducts</td>
<td>0.004 s</td></tr></table></section><section><a id="com.bootexample4.products.controller.ProductControllerCreateProductTest"></a>
<h3><a name="ProductControllerCreateProductTest"></a>ProductControllerCreateProductTest</h3>
<table border="0" class="bodyTable">
<tr class="a">
<td align="left"><img src="images/icon_success_sml.gif" alt="" /></td>
<td><a id="TC_com.bootexample4.products.controller.ProductControllerCreateProductTest.testCreateProductWithExistingData"></a>testCreateProductWithExistingData</td>
<td>0.015 s</td></tr>
<tr class="b">
<td align="left"><img src="images/icon_success_sml.gif" alt="" /></td>
<td><a id="TC_com.bootexample4.products.controller.ProductControllerCreateProductTest.testCreateProductWithValidInput"></a>testCreateProductWithValidInput</td>
<td>0.005 s</td></tr></table></section><section><a id="com.bootexample4.products.controller.ProductControllerUpdateProductTest"></a>
<h3><a name="ProductControllerUpdateProductTest"></a>ProductControllerUpdateProductTest</h3>
<table border="0" class="bodyTable">
<tr class="a">
<td align="left"><img src="images/icon_success_sml.gif" alt="" /></td>
<td><a id="TC_com.bootexample4.products.controller.ProductControllerUpdateProductTest.testUpdateProductWithValidId"></a>testUpdateProductWithValidId</td>
<td>0.050 s</td></tr>
<tr class="b">
<td align="left"><img src="images/icon_success_sml.gif" alt="" /></td>
<td><a id="TC_com.bootexample4.products.controller.ProductControllerUpdateProductTest.testUpdateProductWithSameDetails"></a>testUpdateProductWithSameDetails</td>
<td>0.006 s</td></tr>
<tr class="a">
<td align="left"><img src="images/icon_success_sml.gif" alt="" /></td>
<td><a id="TC_com.bootexample4.products.controller.ProductControllerUpdateProductTest.testUpdateProductWithInvalidId"></a>testUpdateProductWithInvalidId</td>
<td>0.010 s</td></tr>
<tr class="b">
<td align="left"><a href="#com.bootexample4.products.controller.ProductControllerUpdateProductTest.testUpdateProductWithNullDetails"><img src="images/icon_error_sml.gif" alt="" /></a></td>
<td><a id="TC_com.bootexample4.products.controller.ProductControllerUpdateProductTest.testUpdateProductWithNullDetails"></a><a href="#com.bootexample4.products.controller.ProductControllerUpdateProductTest.testUpdateProductWithNullDetails">testUpdateProductWithNullDetails</a>
<div class="detailToggle" style="display:inline"><a href="javascript:toggleDisplay('com.bootexample4.products.controller.ProductControllerUpdateProductTest.testUpdateProductWithNullDetails');"><span style="display:inline;" id="com.bootexample4.products.controller.ProductControllerUpdateProductTest.testUpdateProductWithNullDetails-off"> + </span><span style="display:none;" id="com.bootexample4.products.controller.ProductControllerUpdateProductTest.testUpdateProductWithNullDetails-on"> - </span>[ Detail ]</a></div></td>
<td>0.005 s</td></tr>
<tr class="a">
<td align="left">-</td>
<td>Cannot invoke &quot;com.bootexample4.products.model.Product.getName()&quot; because &quot;product&quot; is null</td>
<td>-</td></tr>
<tr class="b" id="com.bootexample4.products.controller.ProductControllerUpdateProductTest.testUpdateProductWithNullDetails-error" style="display:none;">
<td align="left">-</td>
<td>
<div class="source">
<pre>java.lang.NullPointerException: Cannot invoke &quot;com.bootexample4.products.model.Product.getName()&quot; because &quot;product&quot; is null
	at com.bootexample4.products.controller.ProductController.lambda$updateProduct$1(ProductController.java:39)
	at java.base/java.util.Optional.map(Optional.java:260)
	at com.bootexample4.products.controller.ProductController.updateProduct(ProductController.java:38)
	at com.bootexample4.products.controller.ProductControllerUpdateProductTest.testUpdateProductWithNullDetails(ProductControllerUpdateProductTest.java:129)
	at java.base/jdk.internal.reflect.NativeMethodAccessorImpl.invoke0(Native Method)
	at java.base/jdk.internal.reflect.NativeMethodAccessorImpl.invoke(NativeMethodAccessorImpl.java:77)
	at java.base/jdk.internal.reflect.DelegatingMethodAccessorImpl.invoke(DelegatingMethodAccessorImpl.java:43)
	at java.base/java.lang.reflect.Method.invoke(Method.java:569)
	at org.junit.platform.commons.util.ReflectionUtils.invokeMethod(ReflectionUtils.java:727)
	at org.junit.jupiter.engine.execution.MethodInvocation.proceed(MethodInvocation.java:60)
	at org.junit.jupiter.engine.execution.InvocationInterceptorChain$ValidatingInvocation.proceed(InvocationInterceptorChain.java:131)
	at org.junit.jupiter.engine.extension.TimeoutExtension.intercept(TimeoutExtension.java:156)
	at org.junit.jupiter.engine.extension.TimeoutExtension.interceptTestableMethod(TimeoutExtension.java:147)
	at org.junit.jupiter.engine.extension.TimeoutExtension.interceptTestMethod(TimeoutExtension.java:86)
	at org.junit.jupiter.engine.execution.InterceptingExecutableInvoker$ReflectiveInterceptorCall.lambda$ofVoidMethod$0(InterceptingExecutableInvoker.java:103)
	at org.junit.jupiter.engine.execution.InterceptingExecutableInvoker.lambda$invoke$0(InterceptingExecutableInvoker.java:93)
	at org.junit.jupiter.engine.execution.InvocationInterceptorChain$InterceptedInvocation.proceed(InvocationInterceptorChain.java:106)
	at org.junit.jupiter.engine.execution.InvocationInterceptorChain.proceed(InvocationInterceptorChain.java:64)
	at org.junit.jupiter.engine.execution.InvocationInterceptorChain.chainAndInvoke(InvocationInterceptorChain.java:45)
	at org.junit.jupiter.engine.execution.InvocationInterceptorChain.invoke(InvocationInterceptorChain.java:37)
	at org.junit.jupiter.engine.execution.InterceptingExecutableInvoker.invoke(InterceptingExecutableInvoker.java:92)
	at org.junit.jupiter.engine.execution.InterceptingExecutableInvoker.invoke(InterceptingExecutableInvoker.java:86)
	at org.junit.jupiter.engine.descriptor.TestMethodTestDescriptor.lambda$invokeTestMethod$7(TestMethodTestDescriptor.java:217)
	at org.junit.platform.engine.support.hierarchical.ThrowableCollector.execute(ThrowableCollector.java:73)
	at org.junit.jupiter.engine.descriptor.TestMethodTestDescriptor.invokeTestMethod(TestMethodTestDescriptor.java:213)
	at org.junit.jupiter.engine.descriptor.TestMethodTestDescriptor.execute(TestMethodTestDescriptor.java:138)
	at org.junit.jupiter.engine.descriptor.TestMethodTestDescriptor.execute(TestMethodTestDescriptor.java:68)
	at org.junit.platform.engine.support.hierarchical.NodeTestTask.lambda$executeRecursively$6(NodeTestTask.java:151)
	at org.junit.platform.engine.support.hierarchical.ThrowableCollector.execute(ThrowableCollector.java:73)
	at org.junit.platform.engine.support.hierarchical.NodeTestTask.lambda$executeRecursively$8(NodeTestTask.java:141)
	at org.junit.platform.engine.support.hierarchical.Node.around(Node.java:137)
	at org.junit.platform.engine.support.hierarchical.NodeTestTask.lambda$executeRecursively$9(NodeTestTask.java:139)
	at org.junit.platform.engine.support.hierarchical.ThrowableCollector.execute(ThrowableCollector.java:73)
	at org.junit.platform.engine.support.hierarchical.NodeTestTask.executeRecursively(NodeTestTask.java:138)
	at org.junit.platform.engine.support.hierarchical.NodeTestTask.execute(NodeTestTask.java:95)
	at java.base/java.util.ArrayList.forEach(ArrayList.java:1511)
	at org.junit.platform.engine.support.hierarchical.SameThreadHierarchicalTestExecutorService.invokeAll(SameThreadHierarchicalTestExecutorService.java:41)
	at org.junit.platform.engine.support.hierarchical.NodeTestTask.lambda$executeRecursively$6(NodeTestTask.java:155)
	at org.junit.platform.engine.support.hierarchical.ThrowableCollector.execute(ThrowableCollector.java:73)
	at org.junit.platform.engine.support.hierarchical.NodeTestTask.lambda$executeRecursively$8(NodeTestTask.java:141)
	at org.junit.platform.engine.support.hierarchical.Node.around(Node.java:137)
	at org.junit.platform.engine.support.hierarchical.NodeTestTask.lambda$executeRecursively$9(NodeTestTask.java:139)
	at org.junit.platform.engine.support.hierarchical.ThrowableCollector.execute(ThrowableCollector.java:73)
	at org.junit.platform.engine.support.hierarchical.NodeTestTask.executeRecursively(NodeTestTask.java:138)
	at org.junit.platform.engine.support.hierarchical.NodeTestTask.execute(NodeTestTask.java:95)
	at java.base/java.util.ArrayList.forEach(ArrayList.java:1511)
	at org.junit.platform.engine.support.hierarchical.SameThreadHierarchicalTestExecutorService.invokeAll(SameThreadHierarchicalTestExecutorService.java:41)
	at org.junit.platform.engine.support.hierarchical.NodeTestTask.lambda$executeRecursively$6(NodeTestTask.java:155)
	at org.junit.platform.engine.support.hierarchical.ThrowableCollector.execute(ThrowableCollector.java:73)
	at org.junit.platform.engine.support.hierarchical.NodeTestTask.lambda$executeRecursively$8(NodeTestTask.java:141)
	at org.junit.platform.engine.support.hierarchical.Node.around(Node.java:137)
	at org.junit.platform.engine.support.hierarchical.NodeTestTask.lambda$executeRecursively$9(NodeTestTask.java:139)
	at org.junit.platform.engine.support.hierarchical.ThrowableCollector.execute(ThrowableCollector.java:73)
	at org.junit.platform.engine.support.hierarchical.NodeTestTask.executeRecursively(NodeTestTask.java:138)
	at org.junit.platform.engine.support.hierarchical.NodeTestTask.execute(NodeTestTask.java:95)
	at org.junit.platform.engine.support.hierarchical.SameThreadHierarchicalTestExecutorService.submit(SameThreadHierarchicalTestExecutorService.java:35)
	at org.junit.platform.engine.support.hierarchical.HierarchicalTestExecutor.execute(HierarchicalTestExecutor.java:57)
	at org.junit.platform.engine.support.hierarchical.HierarchicalTestEngine.execute(HierarchicalTestEngine.java:54)
	at org.junit.platform.launcher.core.EngineExecutionOrchestrator.execute(EngineExecutionOrchestrator.java:147)
	at org.junit.platform.launcher.core.EngineExecutionOrchestrator.execute(EngineExecutionOrchestrator.java:127)
	at org.junit.platform.launcher.core.EngineExecutionOrchestrator.execute(EngineExecutionOrchestrator.java:90)
	at org.junit.platform.launcher.core.EngineExecutionOrchestrator.lambda$execute$0(EngineExecutionOrchestrator.java:55)
	at org.junit.platform.launcher.core.EngineExecutionOrchestrator.withInterceptedStreams(EngineExecutionOrchestrator.java:102)
	at org.junit.platform.launcher.core.EngineExecutionOrchestrator.execute(EngineExecutionOrchestrator.java:54)
	at org.junit.platform.launcher.core.DefaultLauncher.execute(DefaultLauncher.java:114)
	at org.junit.platform.launcher.core.DefaultLauncher.execute(DefaultLauncher.java:86)
	at org.junit.platform.launcher.core.DefaultLauncherSession$DelegatingLauncher.execute(DefaultLauncherSession.java:86)
	at org.apache.maven.surefire.junitplatform.LazyLauncher.execute(LazyLauncher.java:56)
	at org.apache.maven.surefire.junitplatform.JUnitPlatformProvider.execute(JUnitPlatformProvider.java:184)
	at org.apache.maven.surefire.junitplatform.JUnitPlatformProvider.invokeAllTests(JUnitPlatformProvider.java:148)
	at org.apache.maven.surefire.junitplatform.JUnitPlatformProvider.invoke(JUnitPlatformProvider.java:122)
	at org.apache.maven.surefire.booter.ForkedBooter.runSuitesInProcess(ForkedBooter.java:385)
	at org.apache.maven.surefire.booter.ForkedBooter.execute(ForkedBooter.java:162)
	at org.apache.maven.surefire.booter.ForkedBooter.run(ForkedBooter.java:507)
	at org.apache.maven.surefire.booter.ForkedBooter.main(ForkedBooter.java:495)
</pre></div></td>
<td>-</td></tr></table></section><section><a id="com.bootexample4.products.controller.ProductControllerDeleteProductTest"></a>
<h3><a name="ProductControllerDeleteProductTest"></a>ProductControllerDeleteProductTest</h3>
<table border="0" class="bodyTable">
<tr class="a">
<td align="left"><img src="images/icon_success_sml.gif" alt="" /></td>
<td><a id="TC_com.bootexample4.products.controller.ProductControllerDeleteProductTest.deleteProductWithInvalidId"></a>deleteProductWithInvalidId</td>
<td>0.128 s</td></tr>
<tr class="b">
<td align="left"><a href="#com.bootexample4.products.controller.ProductControllerDeleteProductTest.deleteProductWithoutId"><img src="images/icon_error_sml.gif" alt="" /></a></td>
<td><a id="TC_com.bootexample4.products.controller.ProductControllerDeleteProductTest.deleteProductWithoutId"></a><a href="#com.bootexample4.products.controller.ProductControllerDeleteProductTest.deleteProductWithoutId">deleteProductWithoutId</a>
<div class="detailToggle" style="display:inline"><a href="javascript:toggleDisplay('com.bootexample4.products.controller.ProductControllerDeleteProductTest.deleteProductWithoutId');"><span style="display:inline;" id="com.bootexample4.products.controller.ProductControllerDeleteProductTest.deleteProductWithoutId-off"> + </span><span style="display:none;" id="com.bootexample4.products.controller.ProductControllerDeleteProductTest.deleteProductWithoutId-on"> - </span>[ Detail ]</a></div></td>
<td>0.015 s</td></tr>
<tr class="a">
<td align="left">-</td>
<td>expected: &lt;400&gt; but was: &lt;404&gt;</td>
<td>-</td></tr>
<tr class="b" id="com.bootexample4.products.controller.ProductControllerDeleteProductTest.deleteProductWithoutId-failure" style="display:none;">
<td align="left">-</td>
<td>
<div class="source">
<pre>org.opentest4j.AssertionFailedError: expected: &lt;400&gt; but was: &lt;404&gt;
	at org.junit.jupiter.api.AssertionFailureBuilder.build(AssertionFailureBuilder.java:151)
	at org.junit.jupiter.api.AssertionFailureBuilder.buildAndThrow(AssertionFailureBuilder.java:132)
	at org.junit.jupiter.api.AssertEquals.failNotEqual(AssertEquals.java:197)
	at org.junit.jupiter.api.AssertEquals.assertEquals(AssertEquals.java:150)
	at org.junit.jupiter.api.AssertEquals.assertEquals(AssertEquals.java:145)
	at org.junit.jupiter.api.Assertions.assertEquals(Assertions.java:528)
	at com.bootexample4.products.controller.ProductControllerDeleteProductTest.deleteProductWithoutId(ProductControllerDeleteProductTest.java:99)
	at java.base/jdk.internal.reflect.NativeMethodAccessorImpl.invoke0(Native Method)
	at java.base/jdk.internal.reflect.NativeMethodAccessorImpl.invoke(NativeMethodAccessorImpl.java:77)
	at java.base/jdk.internal.reflect.DelegatingMethodAccessorImpl.invoke(DelegatingMethodAccessorImpl.java:43)
	at java.base/java.lang.reflect.Method.invoke(Method.java:569)
	at org.junit.platform.commons.util.ReflectionUtils.invokeMethod(ReflectionUtils.java:727)
	at org.junit.jupiter.engine.execution.MethodInvocation.proceed(MethodInvocation.java:60)
	at org.junit.jupiter.engine.execution.InvocationInterceptorChain$ValidatingInvocation.proceed(InvocationInterceptorChain.java:131)
	at org.junit.jupiter.engine.extension.TimeoutExtension.intercept(TimeoutExtension.java:156)
	at org.junit.jupiter.engine.extension.TimeoutExtension.interceptTestableMethod(TimeoutExtension.java:147)
	at org.junit.jupiter.engine.extension.TimeoutExtension.interceptTestMethod(TimeoutExtension.java:86)
	at org.junit.jupiter.engine.execution.InterceptingExecutableInvoker$ReflectiveInterceptorCall.lambda$ofVoidMethod$0(InterceptingExecutableInvoker.java:103)
	at org.junit.jupiter.engine.execution.InterceptingExecutableInvoker.lambda$invoke$0(InterceptingExecutableInvoker.java:93)
	at org.junit.jupiter.engine.execution.InvocationInterceptorChain$InterceptedInvocation.proceed(InvocationInterceptorChain.java:106)
	at org.junit.jupiter.engine.execution.InvocationInterceptorChain.proceed(InvocationInterceptorChain.java:64)
	at org.junit.jupiter.engine.execution.InvocationInterceptorChain.chainAndInvoke(InvocationInterceptorChain.java:45)
	at org.junit.jupiter.engine.execution.InvocationInterceptorChain.invoke(InvocationInterceptorChain.java:37)
	at org.junit.jupiter.engine.execution.InterceptingExecutableInvoker.invoke(InterceptingExecutableInvoker.java:92)
	at org.junit.jupiter.engine.execution.InterceptingExecutableInvoker.invoke(InterceptingExecutableInvoker.java:86)
	at org.junit.jupiter.engine.descriptor.TestMethodTestDescriptor.lambda$invokeTestMethod$7(TestMethodTestDescriptor.java:217)
	at org.junit.platform.engine.support.hierarchical.ThrowableCollector.execute(ThrowableCollector.java:73)
	at org.junit.jupiter.engine.descriptor.TestMethodTestDescriptor.invokeTestMethod(TestMethodTestDescriptor.java:213)
	at org.junit.jupiter.engine.descriptor.TestMethodTestDescriptor.execute(TestMethodTestDescriptor.java:138)
	at org.junit.jupiter.engine.descriptor.TestMethodTestDescriptor.execute(TestMethodTestDescriptor.java:68)
	at org.junit.platform.engine.support.hierarchical.NodeTestTask.lambda$executeRecursively$6(NodeTestTask.java:151)
	at org.junit.platform.engine.support.hierarchical.ThrowableCollector.execute(ThrowableCollector.java:73)
	at org.junit.platform.engine.support.hierarchical.NodeTestTask.lambda$executeRecursively$8(NodeTestTask.java:141)
	at org.junit.platform.engine.support.hierarchical.Node.around(Node.java:137)
	at org.junit.platform.engine.support.hierarchical.NodeTestTask.lambda$executeRecursively$9(NodeTestTask.java:139)
	at org.junit.platform.engine.support.hierarchical.ThrowableCollector.execute(ThrowableCollector.java:73)
	at org.junit.platform.engine.support.hierarchical.NodeTestTask.executeRecursively(NodeTestTask.java:138)
	at org.junit.platform.engine.support.hierarchical.NodeTestTask.execute(NodeTestTask.java:95)
	at java.base/java.util.ArrayList.forEach(ArrayList.java:1511)
	at org.junit.platform.engine.support.hierarchical.SameThreadHierarchicalTestExecutorService.invokeAll(SameThreadHierarchicalTestExecutorService.java:41)
	at org.junit.platform.engine.support.hierarchical.NodeTestTask.lambda$executeRecursively$6(NodeTestTask.java:155)
	at org.junit.platform.engine.support.hierarchical.ThrowableCollector.execute(ThrowableCollector.java:73)
	at org.junit.platform.engine.support.hierarchical.NodeTestTask.lambda$executeRecursively$8(NodeTestTask.java:141)
	at org.junit.platform.engine.support.hierarchical.Node.around(Node.java:137)
	at org.junit.platform.engine.support.hierarchical.NodeTestTask.lambda$executeRecursively$9(NodeTestTask.java:139)
	at org.junit.platform.engine.support.hierarchical.ThrowableCollector.execute(ThrowableCollector.java:73)
	at org.junit.platform.engine.support.hierarchical.NodeTestTask.executeRecursively(NodeTestTask.java:138)
	at org.junit.platform.engine.support.hierarchical.NodeTestTask.execute(NodeTestTask.java:95)
	at java.base/java.util.ArrayList.forEach(ArrayList.java:1511)
	at org.junit.platform.engine.support.hierarchical.SameThreadHierarchicalTestExecutorService.invokeAll(SameThreadHierarchicalTestExecutorService.java:41)
	at org.junit.platform.engine.support.hierarchical.NodeTestTask.lambda$executeRecursively$6(NodeTestTask.java:155)
	at org.junit.platform.engine.support.hierarchical.ThrowableCollector.execute(ThrowableCollector.java:73)
	at org.junit.platform.engine.support.hierarchical.NodeTestTask.lambda$executeRecursively$8(NodeTestTask.java:141)
	at org.junit.platform.engine.support.hierarchical.Node.around(Node.java:137)
	at org.junit.platform.engine.support.hierarchical.NodeTestTask.lambda$executeRecursively$9(NodeTestTask.java:139)
	at org.junit.platform.engine.support.hierarchical.ThrowableCollector.execute(ThrowableCollector.java:73)
	at org.junit.platform.engine.support.hierarchical.NodeTestTask.executeRecursively(NodeTestTask.java:138)
	at org.junit.platform.engine.support.hierarchical.NodeTestTask.execute(NodeTestTask.java:95)
	at org.junit.platform.engine.support.hierarchical.SameThreadHierarchicalTestExecutorService.submit(SameThreadHierarchicalTestExecutorService.java:35)
	at org.junit.platform.engine.support.hierarchical.HierarchicalTestExecutor.execute(HierarchicalTestExecutor.java:57)
	at org.junit.platform.engine.support.hierarchical.HierarchicalTestEngine.execute(HierarchicalTestEngine.java:54)
	at org.junit.platform.launcher.core.EngineExecutionOrchestrator.execute(EngineExecutionOrchestrator.java:147)
	at org.junit.platform.launcher.core.EngineExecutionOrchestrator.execute(EngineExecutionOrchestrator.java:127)
	at org.junit.platform.launcher.core.EngineExecutionOrchestrator.execute(EngineExecutionOrchestrator.java:90)
	at org.junit.platform.launcher.core.EngineExecutionOrchestrator.lambda$execute$0(EngineExecutionOrchestrator.java:55)
	at org.junit.platform.launcher.core.EngineExecutionOrchestrator.withInterceptedStreams(EngineExecutionOrchestrator.java:102)
	at org.junit.platform.launcher.core.EngineExecutionOrchestrator.execute(EngineExecutionOrchestrator.java:54)
	at org.junit.platform.launcher.core.DefaultLauncher.execute(DefaultLauncher.java:114)
	at org.junit.platform.launcher.core.DefaultLauncher.execute(DefaultLauncher.java:86)
	at org.junit.platform.launcher.core.DefaultLauncherSession$DelegatingLauncher.execute(DefaultLauncherSession.java:86)
	at org.apache.maven.surefire.junitplatform.LazyLauncher.execute(LazyLauncher.java:56)
	at org.apache.maven.surefire.junitplatform.JUnitPlatformProvider.execute(JUnitPlatformProvider.java:184)
	at org.apache.maven.surefire.junitplatform.JUnitPlatformProvider.invokeAllTests(JUnitPlatformProvider.java:148)
	at org.apache.maven.surefire.junitplatform.JUnitPlatformProvider.invoke(JUnitPlatformProvider.java:122)
	at org.apache.maven.surefire.booter.ForkedBooter.runSuitesInProcess(ForkedBooter.java:385)
	at org.apache.maven.surefire.booter.ForkedBooter.execute(ForkedBooter.java:162)
	at org.apache.maven.surefire.booter.ForkedBooter.run(ForkedBooter.java:507)
	at org.apache.maven.surefire.booter.ForkedBooter.main(ForkedBooter.java:495)
</pre></div></td>
<td>-</td></tr>
<tr class="a">
<td align="left"><img src="images/icon_success_sml.gif" alt="" /></td>
<td><a id="TC_com.bootexample4.products.controller.ProductControllerDeleteProductTest.deleteProductWithValidId"></a>deleteProductWithValidId</td>
<td>0.012 s</td></tr></table></section><section><a id="com.bootexample4.products.model.ProductGetIdTest"></a>
<h3><a name="ProductGetIdTest"></a>ProductGetIdTest</h3>
<table border="0" class="bodyTable">
<tr class="a">
<td align="left"><img src="images/icon_success_sml.gif" alt="" /></td>
<td><a id="TC_com.bootexample4.products.model.ProductGetIdTest.testGetIdReturnsCorrectId"></a>testGetIdReturnsCorrectId</td>
<td>0.009 s</td></tr>
<tr class="b">
<td align="left"><img src="images/icon_success_sml.gif" alt="" /></td>
<td><a id="TC_com.bootexample4.products.model.ProductGetIdTest.testGetIdReturnsNullWhenIdNotSet"></a>testGetIdReturnsNullWhenIdNotSet</td>
<td>0.001 s</td></tr>
<tr class="a">
<td align="left"><img src="images/icon_success_sml.gif" alt="" /></td>
<td><a id="TC_com.bootexample4.products.model.ProductGetIdTest.testGetIdReturnsUpdatedId"></a>testGetIdReturnsUpdatedId</td>
<td>0.001 s</td></tr></table></section><br /></section><section><a id="Failure_Details"></a>
<h2><a name="Failure_Details"></a>Failure Details</h2>
<p>[<a href="#Summary">Summary</a>] [<a href="#Package_List">Package List</a>] [<a href="#Test_Cases">Test Cases</a>]</p><br />
<table border="0" class="bodyTable">
<tr class="a">
<td align="left"><img src="images/icon_error_sml.gif" alt="" /></td>
<td><a id="com.bootexample4.products.controller.ProductControllerGetProductByIdTest.shouldThrowExceptionWhenIdIsNull"></a>shouldThrowExceptionWhenIdIsNull</td></tr>
<tr class="b">
<td align="left">-</td>
<td>org.opentest4j.AssertionFailedError: Expected java.lang.IllegalArgumentException to be thrown, but nothing was thrown.</td></tr>
<tr class="a">
<td align="left">-</td>
<td>
<div id="shouldThrowExceptionWhenIdIsNull-failure">com.bootexample4.products.controller.ProductControllerGetProductByIdTest:96</div></td></tr>
<tr class="b">
<td align="left"><img src="images/icon_error_sml.gif" alt="" /></td>
<td><a id="com.bootexample4.products.controller.ProductControllerUpdateProductTest.testUpdateProductWithNullDetails"></a>testUpdateProductWithNullDetails</td></tr>
<tr class="a">
<td align="left">-</td>
<td>java.lang.NullPointerException: Cannot invoke &quot;com.bootexample4.products.model.Product.getName()&quot; because &quot;product&quot; is null</td></tr>
<tr class="b">
<td align="left">-</td>
<td>
<div id="testUpdateProductWithNullDetails-error">com.bootexample4.products.controller.ProductControllerUpdateProductTest:129</div></td></tr>
<tr class="a">
<td align="left"><img src="images/icon_error_sml.gif" alt="" /></td>
<td><a id="com.bootexample4.products.controller.ProductControllerDeleteProductTest.deleteProductWithoutId"></a>deleteProductWithoutId</td></tr>
<tr class="b">
<td align="left">-</td>
<td>org.opentest4j.AssertionFailedError: expected: &lt;400&gt; but was: &lt;404&gt;</td></tr>
<tr class="a">
<td align="left">-</td>
<td>
<div id="deleteProductWithoutId-failure">com.bootexample4.products.controller.ProductControllerDeleteProductTest:99</div></td></tr></table><br /></section>
      </div>
    </div>
    <div class="clear">
      <hr/>
    </div>
    <div id="footer">
      <div class="xright">
        Copyright &#169;      2024..      </div>
      <div class="clear">
        <hr/>
      </div>
    </div>
  </body>
</html>
